<?xml version="1.0" encoding="UTF-8"?>
<!-- Generated by org.testng.reporters.JUnitReportReporter -->
<testsuite hostname="DESKTOP-K0PILNR" failures="0" tests="7" name="com.automation.testcase.TC_LoginTest" time="303.258" errors="0" timestamp="2023-05-17T14:01:41 ICT" skipped="0">
  <testcase classname="com.automation.testcase.TC_LoginTest" name="TC01_LoginFirstAccount" time="74.001"/>
  <system-out/>
  <testcase classname="com.automation.testcase.TC_LoginTest" name="TC01_LoginFirstAccount" time="56.875"/>
  <system-out/>
  <testcase classname="com.automation.testcase.TC_LoginTest" name="TC01_LoginFirstAccount" time="36.966"/>
  <system-out/>
  <testcase classname="com.automation.testcase.TC_LoginTest" name="TC01_LoginFirstAccount" time="35.832"/>
  <system-out/>
  <testcase classname="com.automation.testcase.TC_LoginTest" name="TC01_LoginFirstAccount" time="36.264"/>
  <system-out/>
  <testcase classname="com.automation.testcase.TC_LoginTest" name="TC01_LoginFirstAccount" time="33.360"/>
  <system-out/>
  <testcase classname="com.automation.testcase.TC_LoginTest" name="TC01_LoginFirstAccount" time="29.960"/>
  <system-out/>
</testsuite> <!-- com.automation.testcase.TC_LoginTest -->
